<?xml version="1.0" encoding="UTF-8"?>
<testng-results ignored="0" total="1" passed="1" failed="0" skipped="0">
  <reporter-output>
  </reporter-output>
  <suite started-at="2020-08-11T05:03:18Z" name="Default suite" finished-at="2020-08-11T05:03:47Z" duration-ms="29097">
    <groups>
    </groups>
    <test started-at="2020-08-11T05:03:18Z" name="Default test" finished-at="2020-08-11T05:03:47Z" duration-ms="29097">
      <class name="testCases.OpenFb">
        <test-method signature="OpenFacebook()[pri:0, instance:testCases.OpenFb@1cf56a1c]" started-at="2020-08-11T05:03:18Z" name="OpenFacebook" finished-at="2020-08-11T05:03:46Z" duration-ms="28505" status="PASS">
          <reporter-output>
          </reporter-output>
        </test-method> <!-- OpenFacebook -->
        <test-method is-config="true" signature="endtest()[pri:0, instance:testCases.OpenFb@1cf56a1c]" started-at="2020-08-11T05:03:46Z" name="endtest" finished-at="2020-08-11T05:03:47Z" duration-ms="556" status="PASS">
          <reporter-output>
          </reporter-output>
        </test-method> <!-- endtest -->
      </class> <!-- testCases.OpenFb -->
    </test> <!-- Default test -->
  </suite> <!-- Default suite -->
</testng-results>
